[2025-11-29T03:24:08.473+0000] {processor.py:161} INFO - Started process (PID=172) to work on /opt/airflow/dags/crawl_products_dag.py
[2025-11-29T03:24:08.474+0000] {processor.py:830} INFO - Processing file /opt/airflow/dags/crawl_products_dag.py for tasks to queue
[2025-11-29T03:24:08.474+0000] {logging_mixin.py:188} INFO - [2025-11-29T03:24:08.474+0000] {dagbag.py:538} INFO - Filling up the DagBag from /opt/airflow/dags/crawl_products_dag.py
[2025-11-29T03:24:08.752+0000] {processor.py:840} INFO - DAG(s) 'crawl_products_dag' retrieved from /opt/airflow/dags/crawl_products_dag.py
[2025-11-29T03:24:08.781+0000] {logging_mixin.py:188} INFO - [2025-11-29T03:24:08.780+0000] {dag.py:3036} INFO - Sync 1 DAGs
[2025-11-29T03:24:08.810+0000] {logging_mixin.py:188} INFO - [2025-11-29T03:24:08.810+0000] {dag.py:3823} INFO - Setting next_dagrun for crawl_products_dag to 2025-11-29 00:00:00+00:00, run_after=2025-11-30 00:00:00+00:00
[2025-11-29T03:24:08.833+0000] {processor.py:183} INFO - Processing /opt/airflow/dags/crawl_products_dag.py took 0.364 seconds
[2025-11-29T03:24:39.155+0000] {processor.py:161} INFO - Started process (PID=180) to work on /opt/airflow/dags/crawl_products_dag.py
[2025-11-29T03:24:39.156+0000] {processor.py:830} INFO - Processing file /opt/airflow/dags/crawl_products_dag.py for tasks to queue
[2025-11-29T03:24:39.157+0000] {logging_mixin.py:188} INFO - [2025-11-29T03:24:39.157+0000] {dagbag.py:538} INFO - Filling up the DagBag from /opt/airflow/dags/crawl_products_dag.py
[2025-11-29T03:24:39.310+0000] {processor.py:840} INFO - DAG(s) 'crawl_products_dag' retrieved from /opt/airflow/dags/crawl_products_dag.py
[2025-11-29T03:24:39.452+0000] {logging_mixin.py:188} INFO - [2025-11-29T03:24:39.451+0000] {dag.py:3036} INFO - Sync 1 DAGs
[2025-11-29T03:24:39.482+0000] {logging_mixin.py:188} INFO - [2025-11-29T03:24:39.481+0000] {dag.py:3823} INFO - Setting next_dagrun for crawl_products_dag to 2025-11-29 00:00:00+00:00, run_after=2025-11-30 00:00:00+00:00
[2025-11-29T03:24:39.508+0000] {processor.py:183} INFO - Processing /opt/airflow/dags/crawl_products_dag.py took 0.357 seconds
[2025-11-29T03:25:10.207+0000] {processor.py:161} INFO - Started process (PID=189) to work on /opt/airflow/dags/crawl_products_dag.py
[2025-11-29T03:25:10.210+0000] {processor.py:830} INFO - Processing file /opt/airflow/dags/crawl_products_dag.py for tasks to queue
[2025-11-29T03:25:10.211+0000] {logging_mixin.py:188} INFO - [2025-11-29T03:25:10.211+0000] {dagbag.py:538} INFO - Filling up the DagBag from /opt/airflow/dags/crawl_products_dag.py
[2025-11-29T03:25:10.398+0000] {processor.py:840} INFO - DAG(s) 'crawl_products_dag' retrieved from /opt/airflow/dags/crawl_products_dag.py
[2025-11-29T03:25:10.427+0000] {logging_mixin.py:188} INFO - [2025-11-29T03:25:10.426+0000] {dag.py:3036} INFO - Sync 1 DAGs
[2025-11-29T03:25:10.449+0000] {logging_mixin.py:188} INFO - [2025-11-29T03:25:10.448+0000] {dag.py:3823} INFO - Setting next_dagrun for crawl_products_dag to 2025-11-29 00:00:00+00:00, run_after=2025-11-30 00:00:00+00:00
[2025-11-29T03:25:10.468+0000] {processor.py:183} INFO - Processing /opt/airflow/dags/crawl_products_dag.py took 0.264 seconds
[2025-11-29T03:25:40.874+0000] {processor.py:161} INFO - Started process (PID=194) to work on /opt/airflow/dags/crawl_products_dag.py
[2025-11-29T03:25:40.877+0000] {processor.py:830} INFO - Processing file /opt/airflow/dags/crawl_products_dag.py for tasks to queue
[2025-11-29T03:25:40.879+0000] {logging_mixin.py:188} INFO - [2025-11-29T03:25:40.878+0000] {dagbag.py:538} INFO - Filling up the DagBag from /opt/airflow/dags/crawl_products_dag.py
[2025-11-29T03:25:41.019+0000] {processor.py:840} INFO - DAG(s) 'crawl_products_dag' retrieved from /opt/airflow/dags/crawl_products_dag.py
[2025-11-29T03:25:41.049+0000] {logging_mixin.py:188} INFO - [2025-11-29T03:25:41.048+0000] {dag.py:3036} INFO - Sync 1 DAGs
[2025-11-29T03:25:41.077+0000] {logging_mixin.py:188} INFO - [2025-11-29T03:25:41.076+0000] {dag.py:3823} INFO - Setting next_dagrun for crawl_products_dag to 2025-11-29 00:00:00+00:00, run_after=2025-11-30 00:00:00+00:00
[2025-11-29T03:25:41.097+0000] {processor.py:183} INFO - Processing /opt/airflow/dags/crawl_products_dag.py took 0.230 seconds
[2025-11-29T03:26:11.504+0000] {processor.py:161} INFO - Started process (PID=199) to work on /opt/airflow/dags/crawl_products_dag.py
[2025-11-29T03:26:11.505+0000] {processor.py:830} INFO - Processing file /opt/airflow/dags/crawl_products_dag.py for tasks to queue
[2025-11-29T03:26:11.506+0000] {logging_mixin.py:188} INFO - [2025-11-29T03:26:11.505+0000] {dagbag.py:538} INFO - Filling up the DagBag from /opt/airflow/dags/crawl_products_dag.py
[2025-11-29T03:26:11.668+0000] {processor.py:840} INFO - DAG(s) 'crawl_products_dag' retrieved from /opt/airflow/dags/crawl_products_dag.py
[2025-11-29T03:26:11.702+0000] {logging_mixin.py:188} INFO - [2025-11-29T03:26:11.701+0000] {dag.py:3036} INFO - Sync 1 DAGs
[2025-11-29T03:26:11.730+0000] {logging_mixin.py:188} INFO - [2025-11-29T03:26:11.729+0000] {dag.py:3823} INFO - Setting next_dagrun for crawl_products_dag to 2025-11-29 00:00:00+00:00, run_after=2025-11-30 00:00:00+00:00
[2025-11-29T03:26:11.755+0000] {processor.py:183} INFO - Processing /opt/airflow/dags/crawl_products_dag.py took 0.255 seconds
[2025-11-29T03:26:31.243+0000] {processor.py:161} INFO - Started process (PID=204) to work on /opt/airflow/dags/crawl_products_dag.py
[2025-11-29T03:26:31.244+0000] {processor.py:830} INFO - Processing file /opt/airflow/dags/crawl_products_dag.py for tasks to queue
[2025-11-29T03:26:31.245+0000] {logging_mixin.py:188} INFO - [2025-11-29T03:26:31.245+0000] {dagbag.py:538} INFO - Filling up the DagBag from /opt/airflow/dags/crawl_products_dag.py
[2025-11-29T03:26:31.375+0000] {processor.py:840} INFO - DAG(s) 'crawl_products_dag' retrieved from /opt/airflow/dags/crawl_products_dag.py
[2025-11-29T03:26:31.399+0000] {logging_mixin.py:188} INFO - [2025-11-29T03:26:31.399+0000] {dag.py:3036} INFO - Sync 1 DAGs
[2025-11-29T03:26:31.419+0000] {logging_mixin.py:188} INFO - [2025-11-29T03:26:31.419+0000] {dag.py:3823} INFO - Setting next_dagrun for crawl_products_dag to 2025-11-29 00:00:00+00:00, run_after=2025-11-30 00:00:00+00:00
[2025-11-29T03:26:31.440+0000] {processor.py:183} INFO - Processing /opt/airflow/dags/crawl_products_dag.py took 0.201 seconds
[2025-11-29T03:26:32.287+0000] {processor.py:161} INFO - Started process (PID=209) to work on /opt/airflow/dags/crawl_products_dag.py
[2025-11-29T03:26:32.288+0000] {processor.py:830} INFO - Processing file /opt/airflow/dags/crawl_products_dag.py for tasks to queue
[2025-11-29T03:26:32.289+0000] {logging_mixin.py:188} INFO - [2025-11-29T03:26:32.289+0000] {dagbag.py:538} INFO - Filling up the DagBag from /opt/airflow/dags/crawl_products_dag.py
[2025-11-29T03:26:32.482+0000] {processor.py:840} INFO - DAG(s) 'crawl_products_dag' retrieved from /opt/airflow/dags/crawl_products_dag.py
[2025-11-29T03:26:32.511+0000] {logging_mixin.py:188} INFO - [2025-11-29T03:26:32.510+0000] {dag.py:3036} INFO - Sync 1 DAGs
[2025-11-29T03:26:32.538+0000] {logging_mixin.py:188} INFO - [2025-11-29T03:26:32.537+0000] {dag.py:3823} INFO - Setting next_dagrun for crawl_products_dag to 2025-11-29 00:00:00+00:00, run_after=2025-11-30 00:00:00+00:00
[2025-11-29T03:26:32.567+0000] {processor.py:183} INFO - Processing /opt/airflow/dags/crawl_products_dag.py took 0.285 seconds
[2025-11-29T03:27:03.223+0000] {processor.py:161} INFO - Started process (PID=214) to work on /opt/airflow/dags/crawl_products_dag.py
[2025-11-29T03:27:03.225+0000] {processor.py:830} INFO - Processing file /opt/airflow/dags/crawl_products_dag.py for tasks to queue
[2025-11-29T03:27:03.225+0000] {logging_mixin.py:188} INFO - [2025-11-29T03:27:03.225+0000] {dagbag.py:538} INFO - Filling up the DagBag from /opt/airflow/dags/crawl_products_dag.py
[2025-11-29T03:27:03.349+0000] {processor.py:840} INFO - DAG(s) 'crawl_products_dag' retrieved from /opt/airflow/dags/crawl_products_dag.py
[2025-11-29T03:27:03.373+0000] {logging_mixin.py:188} INFO - [2025-11-29T03:27:03.372+0000] {dag.py:3036} INFO - Sync 1 DAGs
[2025-11-29T03:27:03.389+0000] {logging_mixin.py:188} INFO - [2025-11-29T03:27:03.389+0000] {dag.py:3823} INFO - Setting next_dagrun for crawl_products_dag to 2025-11-29 00:00:00+00:00, run_after=2025-11-30 00:00:00+00:00
[2025-11-29T03:27:03.406+0000] {processor.py:183} INFO - Processing /opt/airflow/dags/crawl_products_dag.py took 0.186 seconds
[2025-11-29T03:27:34.026+0000] {processor.py:161} INFO - Started process (PID=219) to work on /opt/airflow/dags/crawl_products_dag.py
[2025-11-29T03:27:34.027+0000] {processor.py:830} INFO - Processing file /opt/airflow/dags/crawl_products_dag.py for tasks to queue
[2025-11-29T03:27:34.028+0000] {logging_mixin.py:188} INFO - [2025-11-29T03:27:34.028+0000] {dagbag.py:538} INFO - Filling up the DagBag from /opt/airflow/dags/crawl_products_dag.py
[2025-11-29T03:27:34.164+0000] {processor.py:840} INFO - DAG(s) 'crawl_products_dag' retrieved from /opt/airflow/dags/crawl_products_dag.py
[2025-11-29T03:27:34.191+0000] {logging_mixin.py:188} INFO - [2025-11-29T03:27:34.190+0000] {dag.py:3036} INFO - Sync 1 DAGs
[2025-11-29T03:27:34.215+0000] {logging_mixin.py:188} INFO - [2025-11-29T03:27:34.215+0000] {dag.py:3823} INFO - Setting next_dagrun for crawl_products_dag to 2025-11-29 00:00:00+00:00, run_after=2025-11-30 00:00:00+00:00
[2025-11-29T03:27:34.239+0000] {processor.py:183} INFO - Processing /opt/airflow/dags/crawl_products_dag.py took 0.217 seconds
[2025-11-29T03:27:36.091+0000] {processor.py:161} INFO - Started process (PID=224) to work on /opt/airflow/dags/crawl_products_dag.py
[2025-11-29T03:27:36.092+0000] {processor.py:830} INFO - Processing file /opt/airflow/dags/crawl_products_dag.py for tasks to queue
[2025-11-29T03:27:36.094+0000] {logging_mixin.py:188} INFO - [2025-11-29T03:27:36.093+0000] {dagbag.py:538} INFO - Filling up the DagBag from /opt/airflow/dags/crawl_products_dag.py
[2025-11-29T03:27:36.273+0000] {processor.py:840} INFO - DAG(s) 'crawl_products_dag' retrieved from /opt/airflow/dags/crawl_products_dag.py
[2025-11-29T03:27:36.297+0000] {logging_mixin.py:188} INFO - [2025-11-29T03:27:36.297+0000] {dag.py:3036} INFO - Sync 1 DAGs
[2025-11-29T03:27:36.319+0000] {logging_mixin.py:188} INFO - [2025-11-29T03:27:36.319+0000] {dag.py:3823} INFO - Setting next_dagrun for crawl_products_dag to 2025-11-29 00:00:00+00:00, run_after=2025-11-30 00:00:00+00:00
[2025-11-29T03:27:36.340+0000] {processor.py:183} INFO - Processing /opt/airflow/dags/crawl_products_dag.py took 0.253 seconds
[2025-11-29T03:27:37.280+0000] {processor.py:161} INFO - Started process (PID=229) to work on /opt/airflow/dags/crawl_products_dag.py
[2025-11-29T03:27:37.281+0000] {processor.py:830} INFO - Processing file /opt/airflow/dags/crawl_products_dag.py for tasks to queue
[2025-11-29T03:27:37.282+0000] {logging_mixin.py:188} INFO - [2025-11-29T03:27:37.281+0000] {dagbag.py:538} INFO - Filling up the DagBag from /opt/airflow/dags/crawl_products_dag.py
[2025-11-29T03:27:37.409+0000] {processor.py:840} INFO - DAG(s) 'crawl_products_dag' retrieved from /opt/airflow/dags/crawl_products_dag.py
[2025-11-29T03:27:37.432+0000] {logging_mixin.py:188} INFO - [2025-11-29T03:27:37.432+0000] {dag.py:3036} INFO - Sync 1 DAGs
[2025-11-29T03:27:37.451+0000] {logging_mixin.py:188} INFO - [2025-11-29T03:27:37.450+0000] {dag.py:3823} INFO - Setting next_dagrun for crawl_products_dag to 2025-11-29 00:00:00+00:00, run_after=2025-11-30 00:00:00+00:00
[2025-11-29T03:27:37.468+0000] {processor.py:183} INFO - Processing /opt/airflow/dags/crawl_products_dag.py took 0.191 seconds
[2025-11-29T03:28:08.048+0000] {processor.py:161} INFO - Started process (PID=234) to work on /opt/airflow/dags/crawl_products_dag.py
[2025-11-29T03:28:08.049+0000] {processor.py:830} INFO - Processing file /opt/airflow/dags/crawl_products_dag.py for tasks to queue
[2025-11-29T03:28:08.051+0000] {logging_mixin.py:188} INFO - [2025-11-29T03:28:08.050+0000] {dagbag.py:538} INFO - Filling up the DagBag from /opt/airflow/dags/crawl_products_dag.py
[2025-11-29T03:28:08.181+0000] {processor.py:840} INFO - DAG(s) 'crawl_products_dag' retrieved from /opt/airflow/dags/crawl_products_dag.py
[2025-11-29T03:28:08.205+0000] {logging_mixin.py:188} INFO - [2025-11-29T03:28:08.204+0000] {dag.py:3036} INFO - Sync 1 DAGs
[2025-11-29T03:28:08.226+0000] {logging_mixin.py:188} INFO - [2025-11-29T03:28:08.225+0000] {dag.py:3823} INFO - Setting next_dagrun for crawl_products_dag to 2025-11-29 00:00:00+00:00, run_after=2025-11-30 00:00:00+00:00
[2025-11-29T03:28:08.243+0000] {processor.py:183} INFO - Processing /opt/airflow/dags/crawl_products_dag.py took 0.200 seconds
[2025-11-29T03:28:38.604+0000] {processor.py:161} INFO - Started process (PID=243) to work on /opt/airflow/dags/crawl_products_dag.py
[2025-11-29T03:28:38.607+0000] {processor.py:830} INFO - Processing file /opt/airflow/dags/crawl_products_dag.py for tasks to queue
[2025-11-29T03:28:38.608+0000] {logging_mixin.py:188} INFO - [2025-11-29T03:28:38.607+0000] {dagbag.py:538} INFO - Filling up the DagBag from /opt/airflow/dags/crawl_products_dag.py
[2025-11-29T03:28:38.753+0000] {processor.py:840} INFO - DAG(s) 'crawl_products_dag' retrieved from /opt/airflow/dags/crawl_products_dag.py
[2025-11-29T03:28:38.781+0000] {logging_mixin.py:188} INFO - [2025-11-29T03:28:38.780+0000] {dag.py:3036} INFO - Sync 1 DAGs
[2025-11-29T03:28:38.804+0000] {logging_mixin.py:188} INFO - [2025-11-29T03:28:38.803+0000] {dag.py:3823} INFO - Setting next_dagrun for crawl_products_dag to 2025-11-29 00:00:00+00:00, run_after=2025-11-30 00:00:00+00:00
[2025-11-29T03:28:38.827+0000] {processor.py:183} INFO - Processing /opt/airflow/dags/crawl_products_dag.py took 0.226 seconds
[2025-11-29T03:29:09.395+0000] {processor.py:161} INFO - Started process (PID=248) to work on /opt/airflow/dags/crawl_products_dag.py
[2025-11-29T03:29:09.397+0000] {processor.py:830} INFO - Processing file /opt/airflow/dags/crawl_products_dag.py for tasks to queue
[2025-11-29T03:29:09.397+0000] {logging_mixin.py:188} INFO - [2025-11-29T03:29:09.397+0000] {dagbag.py:538} INFO - Filling up the DagBag from /opt/airflow/dags/crawl_products_dag.py
[2025-11-29T03:29:09.534+0000] {processor.py:840} INFO - DAG(s) 'crawl_products_dag' retrieved from /opt/airflow/dags/crawl_products_dag.py
[2025-11-29T03:29:09.559+0000] {logging_mixin.py:188} INFO - [2025-11-29T03:29:09.559+0000] {dag.py:3036} INFO - Sync 1 DAGs
[2025-11-29T03:29:09.578+0000] {logging_mixin.py:188} INFO - [2025-11-29T03:29:09.578+0000] {dag.py:3823} INFO - Setting next_dagrun for crawl_products_dag to 2025-11-29 00:00:00+00:00, run_after=2025-11-30 00:00:00+00:00
[2025-11-29T03:29:09.594+0000] {processor.py:183} INFO - Processing /opt/airflow/dags/crawl_products_dag.py took 0.203 seconds
[2025-11-29T03:29:40.200+0000] {processor.py:161} INFO - Started process (PID=253) to work on /opt/airflow/dags/crawl_products_dag.py
[2025-11-29T03:29:40.202+0000] {processor.py:830} INFO - Processing file /opt/airflow/dags/crawl_products_dag.py for tasks to queue
[2025-11-29T03:29:40.202+0000] {logging_mixin.py:188} INFO - [2025-11-29T03:29:40.202+0000] {dagbag.py:538} INFO - Filling up the DagBag from /opt/airflow/dags/crawl_products_dag.py
[2025-11-29T03:29:40.315+0000] {processor.py:840} INFO - DAG(s) 'crawl_products_dag' retrieved from /opt/airflow/dags/crawl_products_dag.py
[2025-11-29T03:29:40.342+0000] {logging_mixin.py:188} INFO - [2025-11-29T03:29:40.342+0000] {dag.py:3036} INFO - Sync 1 DAGs
[2025-11-29T03:29:40.362+0000] {logging_mixin.py:188} INFO - [2025-11-29T03:29:40.362+0000] {dag.py:3823} INFO - Setting next_dagrun for crawl_products_dag to 2025-11-29 00:00:00+00:00, run_after=2025-11-30 00:00:00+00:00
[2025-11-29T03:29:40.380+0000] {processor.py:183} INFO - Processing /opt/airflow/dags/crawl_products_dag.py took 0.183 seconds
[2025-11-29T03:30:10.916+0000] {processor.py:161} INFO - Started process (PID=258) to work on /opt/airflow/dags/crawl_products_dag.py
[2025-11-29T03:30:10.918+0000] {processor.py:830} INFO - Processing file /opt/airflow/dags/crawl_products_dag.py for tasks to queue
[2025-11-29T03:30:10.919+0000] {logging_mixin.py:188} INFO - [2025-11-29T03:30:10.918+0000] {dagbag.py:538} INFO - Filling up the DagBag from /opt/airflow/dags/crawl_products_dag.py
[2025-11-29T03:30:11.052+0000] {processor.py:840} INFO - DAG(s) 'crawl_products_dag' retrieved from /opt/airflow/dags/crawl_products_dag.py
[2025-11-29T03:30:11.084+0000] {logging_mixin.py:188} INFO - [2025-11-29T03:30:11.083+0000] {dag.py:3036} INFO - Sync 1 DAGs
[2025-11-29T03:30:11.107+0000] {logging_mixin.py:188} INFO - [2025-11-29T03:30:11.107+0000] {dag.py:3823} INFO - Setting next_dagrun for crawl_products_dag to 2025-11-29 00:00:00+00:00, run_after=2025-11-30 00:00:00+00:00
[2025-11-29T03:30:11.127+0000] {processor.py:183} INFO - Processing /opt/airflow/dags/crawl_products_dag.py took 0.216 seconds
[2025-11-29T03:30:41.723+0000] {processor.py:161} INFO - Started process (PID=263) to work on /opt/airflow/dags/crawl_products_dag.py
[2025-11-29T03:30:41.725+0000] {processor.py:830} INFO - Processing file /opt/airflow/dags/crawl_products_dag.py for tasks to queue
[2025-11-29T03:30:41.726+0000] {logging_mixin.py:188} INFO - [2025-11-29T03:30:41.726+0000] {dagbag.py:538} INFO - Filling up the DagBag from /opt/airflow/dags/crawl_products_dag.py
[2025-11-29T03:30:41.833+0000] {processor.py:840} INFO - DAG(s) 'crawl_products_dag' retrieved from /opt/airflow/dags/crawl_products_dag.py
[2025-11-29T03:30:41.856+0000] {logging_mixin.py:188} INFO - [2025-11-29T03:30:41.856+0000] {dag.py:3036} INFO - Sync 1 DAGs
[2025-11-29T03:30:41.874+0000] {logging_mixin.py:188} INFO - [2025-11-29T03:30:41.873+0000] {dag.py:3823} INFO - Setting next_dagrun for crawl_products_dag to 2025-11-29 00:00:00+00:00, run_after=2025-11-30 00:00:00+00:00
[2025-11-29T03:30:41.888+0000] {processor.py:183} INFO - Processing /opt/airflow/dags/crawl_products_dag.py took 0.168 seconds
[2025-11-29T03:31:12.470+0000] {processor.py:161} INFO - Started process (PID=268) to work on /opt/airflow/dags/crawl_products_dag.py
[2025-11-29T03:31:12.472+0000] {processor.py:830} INFO - Processing file /opt/airflow/dags/crawl_products_dag.py for tasks to queue
[2025-11-29T03:31:12.473+0000] {logging_mixin.py:188} INFO - [2025-11-29T03:31:12.473+0000] {dagbag.py:538} INFO - Filling up the DagBag from /opt/airflow/dags/crawl_products_dag.py
[2025-11-29T03:31:12.600+0000] {processor.py:840} INFO - DAG(s) 'crawl_products_dag' retrieved from /opt/airflow/dags/crawl_products_dag.py
[2025-11-29T03:31:12.627+0000] {logging_mixin.py:188} INFO - [2025-11-29T03:31:12.627+0000] {dag.py:3036} INFO - Sync 1 DAGs
[2025-11-29T03:31:12.649+0000] {logging_mixin.py:188} INFO - [2025-11-29T03:31:12.649+0000] {dag.py:3823} INFO - Setting next_dagrun for crawl_products_dag to 2025-11-29 00:00:00+00:00, run_after=2025-11-30 00:00:00+00:00
[2025-11-29T03:31:12.665+0000] {processor.py:183} INFO - Processing /opt/airflow/dags/crawl_products_dag.py took 0.199 seconds
[2025-11-29T03:31:43.176+0000] {processor.py:161} INFO - Started process (PID=273) to work on /opt/airflow/dags/crawl_products_dag.py
[2025-11-29T03:31:43.179+0000] {processor.py:830} INFO - Processing file /opt/airflow/dags/crawl_products_dag.py for tasks to queue
[2025-11-29T03:31:43.179+0000] {logging_mixin.py:188} INFO - [2025-11-29T03:31:43.179+0000] {dagbag.py:538} INFO - Filling up the DagBag from /opt/airflow/dags/crawl_products_dag.py
[2025-11-29T03:31:43.294+0000] {processor.py:840} INFO - DAG(s) 'crawl_products_dag' retrieved from /opt/airflow/dags/crawl_products_dag.py
[2025-11-29T03:31:43.317+0000] {logging_mixin.py:188} INFO - [2025-11-29T03:31:43.316+0000] {dag.py:3036} INFO - Sync 1 DAGs
[2025-11-29T03:31:43.333+0000] {logging_mixin.py:188} INFO - [2025-11-29T03:31:43.333+0000] {dag.py:3823} INFO - Setting next_dagrun for crawl_products_dag to 2025-11-29 00:00:00+00:00, run_after=2025-11-30 00:00:00+00:00
[2025-11-29T03:31:43.350+0000] {processor.py:183} INFO - Processing /opt/airflow/dags/crawl_products_dag.py took 0.177 seconds
[2025-11-29T03:32:14.304+0000] {processor.py:161} INFO - Started process (PID=278) to work on /opt/airflow/dags/crawl_products_dag.py
[2025-11-29T03:32:14.305+0000] {processor.py:830} INFO - Processing file /opt/airflow/dags/crawl_products_dag.py for tasks to queue
[2025-11-29T03:32:14.306+0000] {logging_mixin.py:188} INFO - [2025-11-29T03:32:14.306+0000] {dagbag.py:538} INFO - Filling up the DagBag from /opt/airflow/dags/crawl_products_dag.py
[2025-11-29T03:32:14.431+0000] {processor.py:840} INFO - DAG(s) 'crawl_products_dag' retrieved from /opt/airflow/dags/crawl_products_dag.py
[2025-11-29T03:32:14.456+0000] {logging_mixin.py:188} INFO - [2025-11-29T03:32:14.455+0000] {dag.py:3036} INFO - Sync 1 DAGs
[2025-11-29T03:32:14.475+0000] {logging_mixin.py:188} INFO - [2025-11-29T03:32:14.475+0000] {dag.py:3823} INFO - Setting next_dagrun for crawl_products_dag to 2025-11-29 00:00:00+00:00, run_after=2025-11-30 00:00:00+00:00
[2025-11-29T03:32:14.495+0000] {processor.py:183} INFO - Processing /opt/airflow/dags/crawl_products_dag.py took 0.195 seconds
[2025-11-29T03:32:45.082+0000] {processor.py:161} INFO - Started process (PID=283) to work on /opt/airflow/dags/crawl_products_dag.py
[2025-11-29T03:32:45.084+0000] {processor.py:830} INFO - Processing file /opt/airflow/dags/crawl_products_dag.py for tasks to queue
[2025-11-29T03:32:45.085+0000] {logging_mixin.py:188} INFO - [2025-11-29T03:32:45.084+0000] {dagbag.py:538} INFO - Filling up the DagBag from /opt/airflow/dags/crawl_products_dag.py
[2025-11-29T03:32:45.205+0000] {processor.py:840} INFO - DAG(s) 'crawl_products_dag' retrieved from /opt/airflow/dags/crawl_products_dag.py
[2025-11-29T03:32:45.229+0000] {logging_mixin.py:188} INFO - [2025-11-29T03:32:45.229+0000] {dag.py:3036} INFO - Sync 1 DAGs
[2025-11-29T03:32:45.248+0000] {logging_mixin.py:188} INFO - [2025-11-29T03:32:45.248+0000] {dag.py:3823} INFO - Setting next_dagrun for crawl_products_dag to 2025-11-29 00:00:00+00:00, run_after=2025-11-30 00:00:00+00:00
[2025-11-29T03:32:45.270+0000] {processor.py:183} INFO - Processing /opt/airflow/dags/crawl_products_dag.py took 0.192 seconds
[2025-11-29T03:33:15.850+0000] {processor.py:161} INFO - Started process (PID=288) to work on /opt/airflow/dags/crawl_products_dag.py
[2025-11-29T03:33:15.852+0000] {processor.py:830} INFO - Processing file /opt/airflow/dags/crawl_products_dag.py for tasks to queue
[2025-11-29T03:33:15.852+0000] {logging_mixin.py:188} INFO - [2025-11-29T03:33:15.852+0000] {dagbag.py:538} INFO - Filling up the DagBag from /opt/airflow/dags/crawl_products_dag.py
[2025-11-29T03:33:15.964+0000] {processor.py:840} INFO - DAG(s) 'crawl_products_dag' retrieved from /opt/airflow/dags/crawl_products_dag.py
[2025-11-29T03:33:15.986+0000] {logging_mixin.py:188} INFO - [2025-11-29T03:33:15.986+0000] {dag.py:3036} INFO - Sync 1 DAGs
[2025-11-29T03:33:16.005+0000] {logging_mixin.py:188} INFO - [2025-11-29T03:33:16.004+0000] {dag.py:3823} INFO - Setting next_dagrun for crawl_products_dag to 2025-11-29 00:00:00+00:00, run_after=2025-11-30 00:00:00+00:00
[2025-11-29T03:33:16.025+0000] {processor.py:183} INFO - Processing /opt/airflow/dags/crawl_products_dag.py took 0.178 seconds
[2025-11-29T03:33:46.512+0000] {processor.py:161} INFO - Started process (PID=293) to work on /opt/airflow/dags/crawl_products_dag.py
[2025-11-29T03:33:46.513+0000] {processor.py:830} INFO - Processing file /opt/airflow/dags/crawl_products_dag.py for tasks to queue
[2025-11-29T03:33:46.514+0000] {logging_mixin.py:188} INFO - [2025-11-29T03:33:46.514+0000] {dagbag.py:538} INFO - Filling up the DagBag from /opt/airflow/dags/crawl_products_dag.py
[2025-11-29T03:33:46.631+0000] {processor.py:840} INFO - DAG(s) 'crawl_products_dag' retrieved from /opt/airflow/dags/crawl_products_dag.py
[2025-11-29T03:33:46.657+0000] {logging_mixin.py:188} INFO - [2025-11-29T03:33:46.657+0000] {dag.py:3036} INFO - Sync 1 DAGs
[2025-11-29T03:33:46.677+0000] {logging_mixin.py:188} INFO - [2025-11-29T03:33:46.677+0000] {dag.py:3823} INFO - Setting next_dagrun for crawl_products_dag to 2025-11-29 00:00:00+00:00, run_after=2025-11-30 00:00:00+00:00
[2025-11-29T03:33:46.695+0000] {processor.py:183} INFO - Processing /opt/airflow/dags/crawl_products_dag.py took 0.186 seconds
[2025-11-29T03:34:17.390+0000] {processor.py:161} INFO - Started process (PID=298) to work on /opt/airflow/dags/crawl_products_dag.py
[2025-11-29T03:34:17.392+0000] {processor.py:830} INFO - Processing file /opt/airflow/dags/crawl_products_dag.py for tasks to queue
[2025-11-29T03:34:17.393+0000] {logging_mixin.py:188} INFO - [2025-11-29T03:34:17.393+0000] {dagbag.py:538} INFO - Filling up the DagBag from /opt/airflow/dags/crawl_products_dag.py
[2025-11-29T03:34:17.510+0000] {processor.py:840} INFO - DAG(s) 'crawl_products_dag' retrieved from /opt/airflow/dags/crawl_products_dag.py
[2025-11-29T03:34:17.536+0000] {logging_mixin.py:188} INFO - [2025-11-29T03:34:17.536+0000] {dag.py:3036} INFO - Sync 1 DAGs
[2025-11-29T03:34:17.556+0000] {logging_mixin.py:188} INFO - [2025-11-29T03:34:17.556+0000] {dag.py:3823} INFO - Setting next_dagrun for crawl_products_dag to 2025-11-29 00:00:00+00:00, run_after=2025-11-30 00:00:00+00:00
[2025-11-29T03:34:17.574+0000] {processor.py:183} INFO - Processing /opt/airflow/dags/crawl_products_dag.py took 0.187 seconds
[2025-11-29T03:34:47.999+0000] {processor.py:161} INFO - Started process (PID=303) to work on /opt/airflow/dags/crawl_products_dag.py
[2025-11-29T03:34:48.001+0000] {processor.py:830} INFO - Processing file /opt/airflow/dags/crawl_products_dag.py for tasks to queue
[2025-11-29T03:34:48.002+0000] {logging_mixin.py:188} INFO - [2025-11-29T03:34:48.001+0000] {dagbag.py:538} INFO - Filling up the DagBag from /opt/airflow/dags/crawl_products_dag.py
[2025-11-29T03:34:48.122+0000] {processor.py:840} INFO - DAG(s) 'crawl_products_dag' retrieved from /opt/airflow/dags/crawl_products_dag.py
[2025-11-29T03:34:48.148+0000] {logging_mixin.py:188} INFO - [2025-11-29T03:34:48.147+0000] {dag.py:3036} INFO - Sync 1 DAGs
[2025-11-29T03:34:48.166+0000] {logging_mixin.py:188} INFO - [2025-11-29T03:34:48.165+0000] {dag.py:3823} INFO - Setting next_dagrun for crawl_products_dag to 2025-11-29 00:00:00+00:00, run_after=2025-11-30 00:00:00+00:00
[2025-11-29T03:34:48.181+0000] {processor.py:183} INFO - Processing /opt/airflow/dags/crawl_products_dag.py took 0.186 seconds
[2025-11-29T03:35:19.015+0000] {processor.py:161} INFO - Started process (PID=308) to work on /opt/airflow/dags/crawl_products_dag.py
[2025-11-29T03:35:19.017+0000] {processor.py:830} INFO - Processing file /opt/airflow/dags/crawl_products_dag.py for tasks to queue
[2025-11-29T03:35:19.017+0000] {logging_mixin.py:188} INFO - [2025-11-29T03:35:19.017+0000] {dagbag.py:538} INFO - Filling up the DagBag from /opt/airflow/dags/crawl_products_dag.py
[2025-11-29T03:35:19.132+0000] {processor.py:840} INFO - DAG(s) 'crawl_products_dag' retrieved from /opt/airflow/dags/crawl_products_dag.py
[2025-11-29T03:35:19.154+0000] {logging_mixin.py:188} INFO - [2025-11-29T03:35:19.154+0000] {dag.py:3036} INFO - Sync 1 DAGs
[2025-11-29T03:35:19.172+0000] {logging_mixin.py:188} INFO - [2025-11-29T03:35:19.172+0000] {dag.py:3823} INFO - Setting next_dagrun for crawl_products_dag to 2025-11-29 00:00:00+00:00, run_after=2025-11-30 00:00:00+00:00
[2025-11-29T03:35:19.187+0000] {processor.py:183} INFO - Processing /opt/airflow/dags/crawl_products_dag.py took 0.174 seconds
[2025-11-29T03:35:49.712+0000] {processor.py:161} INFO - Started process (PID=313) to work on /opt/airflow/dags/crawl_products_dag.py
[2025-11-29T03:35:49.715+0000] {processor.py:830} INFO - Processing file /opt/airflow/dags/crawl_products_dag.py for tasks to queue
[2025-11-29T03:35:49.716+0000] {logging_mixin.py:188} INFO - [2025-11-29T03:35:49.715+0000] {dagbag.py:538} INFO - Filling up the DagBag from /opt/airflow/dags/crawl_products_dag.py
[2025-11-29T03:35:49.833+0000] {processor.py:840} INFO - DAG(s) 'crawl_products_dag' retrieved from /opt/airflow/dags/crawl_products_dag.py
[2025-11-29T03:35:49.858+0000] {logging_mixin.py:188} INFO - [2025-11-29T03:35:49.857+0000] {dag.py:3036} INFO - Sync 1 DAGs
[2025-11-29T03:35:49.876+0000] {logging_mixin.py:188} INFO - [2025-11-29T03:35:49.875+0000] {dag.py:3823} INFO - Setting next_dagrun for crawl_products_dag to 2025-11-29 00:00:00+00:00, run_after=2025-11-30 00:00:00+00:00
[2025-11-29T03:35:49.890+0000] {processor.py:183} INFO - Processing /opt/airflow/dags/crawl_products_dag.py took 0.181 seconds
[2025-11-29T03:36:20.473+0000] {processor.py:161} INFO - Started process (PID=318) to work on /opt/airflow/dags/crawl_products_dag.py
[2025-11-29T03:36:20.474+0000] {processor.py:830} INFO - Processing file /opt/airflow/dags/crawl_products_dag.py for tasks to queue
[2025-11-29T03:36:20.475+0000] {logging_mixin.py:188} INFO - [2025-11-29T03:36:20.475+0000] {dagbag.py:538} INFO - Filling up the DagBag from /opt/airflow/dags/crawl_products_dag.py
[2025-11-29T03:36:20.595+0000] {processor.py:840} INFO - DAG(s) 'crawl_products_dag' retrieved from /opt/airflow/dags/crawl_products_dag.py
[2025-11-29T03:36:20.621+0000] {logging_mixin.py:188} INFO - [2025-11-29T03:36:20.620+0000] {dag.py:3036} INFO - Sync 1 DAGs
[2025-11-29T03:36:20.642+0000] {logging_mixin.py:188} INFO - [2025-11-29T03:36:20.641+0000] {dag.py:3823} INFO - Setting next_dagrun for crawl_products_dag to 2025-11-29 00:00:00+00:00, run_after=2025-11-30 00:00:00+00:00
[2025-11-29T03:36:20.659+0000] {processor.py:183} INFO - Processing /opt/airflow/dags/crawl_products_dag.py took 0.189 seconds
[2025-11-29T03:36:51.173+0000] {processor.py:161} INFO - Started process (PID=323) to work on /opt/airflow/dags/crawl_products_dag.py
[2025-11-29T03:36:51.174+0000] {processor.py:830} INFO - Processing file /opt/airflow/dags/crawl_products_dag.py for tasks to queue
[2025-11-29T03:36:51.174+0000] {logging_mixin.py:188} INFO - [2025-11-29T03:36:51.174+0000] {dagbag.py:538} INFO - Filling up the DagBag from /opt/airflow/dags/crawl_products_dag.py
[2025-11-29T03:36:51.301+0000] {processor.py:840} INFO - DAG(s) 'crawl_products_dag' retrieved from /opt/airflow/dags/crawl_products_dag.py
[2025-11-29T03:36:51.327+0000] {logging_mixin.py:188} INFO - [2025-11-29T03:36:51.326+0000] {dag.py:3036} INFO - Sync 1 DAGs
[2025-11-29T03:36:51.345+0000] {logging_mixin.py:188} INFO - [2025-11-29T03:36:51.345+0000] {dag.py:3823} INFO - Setting next_dagrun for crawl_products_dag to 2025-11-29 00:00:00+00:00, run_after=2025-11-30 00:00:00+00:00
[2025-11-29T03:36:51.362+0000] {processor.py:183} INFO - Processing /opt/airflow/dags/crawl_products_dag.py took 0.193 seconds
[2025-11-29T03:37:22.048+0000] {processor.py:161} INFO - Started process (PID=328) to work on /opt/airflow/dags/crawl_products_dag.py
[2025-11-29T03:37:22.049+0000] {processor.py:830} INFO - Processing file /opt/airflow/dags/crawl_products_dag.py for tasks to queue
[2025-11-29T03:37:22.050+0000] {logging_mixin.py:188} INFO - [2025-11-29T03:37:22.050+0000] {dagbag.py:538} INFO - Filling up the DagBag from /opt/airflow/dags/crawl_products_dag.py
[2025-11-29T03:37:22.164+0000] {processor.py:840} INFO - DAG(s) 'crawl_products_dag' retrieved from /opt/airflow/dags/crawl_products_dag.py
[2025-11-29T03:37:22.189+0000] {logging_mixin.py:188} INFO - [2025-11-29T03:37:22.188+0000] {dag.py:3036} INFO - Sync 1 DAGs
[2025-11-29T03:37:22.209+0000] {logging_mixin.py:188} INFO - [2025-11-29T03:37:22.209+0000] {dag.py:3823} INFO - Setting next_dagrun for crawl_products_dag to 2025-11-29 00:00:00+00:00, run_after=2025-11-30 00:00:00+00:00
[2025-11-29T03:37:22.226+0000] {processor.py:183} INFO - Processing /opt/airflow/dags/crawl_products_dag.py took 0.181 seconds
[2025-11-29T03:37:52.837+0000] {processor.py:161} INFO - Started process (PID=333) to work on /opt/airflow/dags/crawl_products_dag.py
[2025-11-29T03:37:52.839+0000] {processor.py:830} INFO - Processing file /opt/airflow/dags/crawl_products_dag.py for tasks to queue
[2025-11-29T03:37:52.840+0000] {logging_mixin.py:188} INFO - [2025-11-29T03:37:52.840+0000] {dagbag.py:538} INFO - Filling up the DagBag from /opt/airflow/dags/crawl_products_dag.py
[2025-11-29T03:37:52.421+0000] {processor.py:840} INFO - DAG(s) 'crawl_products_dag' retrieved from /opt/airflow/dags/crawl_products_dag.py
[2025-11-29T03:37:52.446+0000] {logging_mixin.py:188} INFO - [2025-11-29T03:37:52.445+0000] {dag.py:3036} INFO - Sync 1 DAGs
[2025-11-29T03:37:52.464+0000] {logging_mixin.py:188} INFO - [2025-11-29T03:37:52.464+0000] {dag.py:3823} INFO - Setting next_dagrun for crawl_products_dag to 2025-11-29 00:00:00+00:00, run_after=2025-11-30 00:00:00+00:00
[2025-11-29T03:37:52.481+0000] {processor.py:183} INFO - Processing /opt/airflow/dags/crawl_products_dag.py took 0.195 seconds
[2025-11-29T03:38:22.932+0000] {processor.py:161} INFO - Started process (PID=338) to work on /opt/airflow/dags/crawl_products_dag.py
[2025-11-29T03:38:22.933+0000] {processor.py:830} INFO - Processing file /opt/airflow/dags/crawl_products_dag.py for tasks to queue
[2025-11-29T03:38:22.934+0000] {logging_mixin.py:188} INFO - [2025-11-29T03:38:22.934+0000] {dagbag.py:538} INFO - Filling up the DagBag from /opt/airflow/dags/crawl_products_dag.py
[2025-11-29T03:38:23.045+0000] {processor.py:840} INFO - DAG(s) 'crawl_products_dag' retrieved from /opt/airflow/dags/crawl_products_dag.py
[2025-11-29T03:38:23.066+0000] {logging_mixin.py:188} INFO - [2025-11-29T03:38:23.066+0000] {dag.py:3036} INFO - Sync 1 DAGs
[2025-11-29T03:38:23.084+0000] {logging_mixin.py:188} INFO - [2025-11-29T03:38:23.084+0000] {dag.py:3823} INFO - Setting next_dagrun for crawl_products_dag to 2025-11-29 00:00:00+00:00, run_after=2025-11-30 00:00:00+00:00
[2025-11-29T03:38:23.099+0000] {processor.py:183} INFO - Processing /opt/airflow/dags/crawl_products_dag.py took 0.170 seconds
[2025-11-29T03:38:53.655+0000] {processor.py:161} INFO - Started process (PID=343) to work on /opt/airflow/dags/crawl_products_dag.py
[2025-11-29T03:38:53.658+0000] {processor.py:830} INFO - Processing file /opt/airflow/dags/crawl_products_dag.py for tasks to queue
[2025-11-29T03:38:53.659+0000] {logging_mixin.py:188} INFO - [2025-11-29T03:38:53.659+0000] {dagbag.py:538} INFO - Filling up the DagBag from /opt/airflow/dags/crawl_products_dag.py
[2025-11-29T03:38:53.814+0000] {processor.py:840} INFO - DAG(s) 'crawl_products_dag' retrieved from /opt/airflow/dags/crawl_products_dag.py
[2025-11-29T03:38:53.847+0000] {logging_mixin.py:188} INFO - [2025-11-29T03:38:53.846+0000] {dag.py:3036} INFO - Sync 1 DAGs
[2025-11-29T03:38:53.869+0000] {logging_mixin.py:188} INFO - [2025-11-29T03:38:53.869+0000] {dag.py:3823} INFO - Setting next_dagrun for crawl_products_dag to 2025-11-29 00:00:00+00:00, run_after=2025-11-30 00:00:00+00:00
[2025-11-29T03:38:53.888+0000] {processor.py:183} INFO - Processing /opt/airflow/dags/crawl_products_dag.py took 0.236 seconds
[2025-11-29T03:39:24.223+0000] {processor.py:161} INFO - Started process (PID=348) to work on /opt/airflow/dags/crawl_products_dag.py
[2025-11-29T03:39:24.226+0000] {processor.py:830} INFO - Processing file /opt/airflow/dags/crawl_products_dag.py for tasks to queue
[2025-11-29T03:39:24.227+0000] {logging_mixin.py:188} INFO - [2025-11-29T03:39:24.226+0000] {dagbag.py:538} INFO - Filling up the DagBag from /opt/airflow/dags/crawl_products_dag.py
[2025-11-29T03:39:24.348+0000] {processor.py:840} INFO - DAG(s) 'crawl_products_dag' retrieved from /opt/airflow/dags/crawl_products_dag.py
[2025-11-29T03:39:24.374+0000] {logging_mixin.py:188} INFO - [2025-11-29T03:39:24.373+0000] {dag.py:3036} INFO - Sync 1 DAGs
[2025-11-29T03:39:24.390+0000] {logging_mixin.py:188} INFO - [2025-11-29T03:39:24.390+0000] {dag.py:3823} INFO - Setting next_dagrun for crawl_products_dag to 2025-11-29 00:00:00+00:00, run_after=2025-11-30 00:00:00+00:00
[2025-11-29T03:39:24.408+0000] {processor.py:183} INFO - Processing /opt/airflow/dags/crawl_products_dag.py took 0.188 seconds
[2025-11-29T03:39:54.809+0000] {processor.py:161} INFO - Started process (PID=353) to work on /opt/airflow/dags/crawl_products_dag.py
[2025-11-29T03:39:54.810+0000] {processor.py:830} INFO - Processing file /opt/airflow/dags/crawl_products_dag.py for tasks to queue
[2025-11-29T03:39:54.811+0000] {logging_mixin.py:188} INFO - [2025-11-29T03:39:54.811+0000] {dagbag.py:538} INFO - Filling up the DagBag from /opt/airflow/dags/crawl_products_dag.py
[2025-11-29T03:39:54.934+0000] {processor.py:840} INFO - DAG(s) 'crawl_products_dag' retrieved from /opt/airflow/dags/crawl_products_dag.py
[2025-11-29T03:39:54.957+0000] {logging_mixin.py:188} INFO - [2025-11-29T03:39:54.956+0000] {dag.py:3036} INFO - Sync 1 DAGs
[2025-11-29T03:39:54.975+0000] {logging_mixin.py:188} INFO - [2025-11-29T03:39:54.975+0000] {dag.py:3823} INFO - Setting next_dagrun for crawl_products_dag to 2025-11-29 00:00:00+00:00, run_after=2025-11-30 00:00:00+00:00
[2025-11-29T03:39:54.994+0000] {processor.py:183} INFO - Processing /opt/airflow/dags/crawl_products_dag.py took 0.188 seconds
[2025-11-29T03:40:25.452+0000] {processor.py:161} INFO - Started process (PID=358) to work on /opt/airflow/dags/crawl_products_dag.py
[2025-11-29T03:40:25.454+0000] {processor.py:830} INFO - Processing file /opt/airflow/dags/crawl_products_dag.py for tasks to queue
[2025-11-29T03:40:25.455+0000] {logging_mixin.py:188} INFO - [2025-11-29T03:40:25.455+0000] {dagbag.py:538} INFO - Filling up the DagBag from /opt/airflow/dags/crawl_products_dag.py
[2025-11-29T03:40:25.585+0000] {processor.py:840} INFO - DAG(s) 'crawl_products_dag' retrieved from /opt/airflow/dags/crawl_products_dag.py
[2025-11-29T03:40:25.608+0000] {logging_mixin.py:188} INFO - [2025-11-29T03:40:25.607+0000] {dag.py:3036} INFO - Sync 1 DAGs
[2025-11-29T03:40:25.626+0000] {logging_mixin.py:188} INFO - [2025-11-29T03:40:25.626+0000] {dag.py:3823} INFO - Setting next_dagrun for crawl_products_dag to 2025-11-29 00:00:00+00:00, run_after=2025-11-30 00:00:00+00:00
[2025-11-29T03:40:25.645+0000] {processor.py:183} INFO - Processing /opt/airflow/dags/crawl_products_dag.py took 0.196 seconds
[2025-11-29T03:40:56.192+0000] {processor.py:161} INFO - Started process (PID=363) to work on /opt/airflow/dags/crawl_products_dag.py
[2025-11-29T03:40:56.194+0000] {processor.py:830} INFO - Processing file /opt/airflow/dags/crawl_products_dag.py for tasks to queue
[2025-11-29T03:40:56.194+0000] {logging_mixin.py:188} INFO - [2025-11-29T03:40:56.194+0000] {dagbag.py:538} INFO - Filling up the DagBag from /opt/airflow/dags/crawl_products_dag.py
[2025-11-29T03:40:56.318+0000] {processor.py:840} INFO - DAG(s) 'crawl_products_dag' retrieved from /opt/airflow/dags/crawl_products_dag.py
[2025-11-29T03:40:56.343+0000] {logging_mixin.py:188} INFO - [2025-11-29T03:40:56.343+0000] {dag.py:3036} INFO - Sync 1 DAGs
[2025-11-29T03:40:56.364+0000] {logging_mixin.py:188} INFO - [2025-11-29T03:40:56.364+0000] {dag.py:3823} INFO - Setting next_dagrun for crawl_products_dag to 2025-11-29 00:00:00+00:00, run_after=2025-11-30 00:00:00+00:00
[2025-11-29T03:40:56.381+0000] {processor.py:183} INFO - Processing /opt/airflow/dags/crawl_products_dag.py took 0.192 seconds
[2025-11-29T03:41:26.830+0000] {processor.py:161} INFO - Started process (PID=368) to work on /opt/airflow/dags/crawl_products_dag.py
[2025-11-29T03:41:26.832+0000] {processor.py:830} INFO - Processing file /opt/airflow/dags/crawl_products_dag.py for tasks to queue
[2025-11-29T03:41:26.833+0000] {logging_mixin.py:188} INFO - [2025-11-29T03:41:26.833+0000] {dagbag.py:538} INFO - Filling up the DagBag from /opt/airflow/dags/crawl_products_dag.py
[2025-11-29T03:41:26.962+0000] {processor.py:840} INFO - DAG(s) 'crawl_products_dag' retrieved from /opt/airflow/dags/crawl_products_dag.py
[2025-11-29T03:41:26.986+0000] {logging_mixin.py:188} INFO - [2025-11-29T03:41:26.986+0000] {dag.py:3036} INFO - Sync 1 DAGs
[2025-11-29T03:41:27.003+0000] {logging_mixin.py:188} INFO - [2025-11-29T03:41:27.003+0000] {dag.py:3823} INFO - Setting next_dagrun for crawl_products_dag to 2025-11-29 00:00:00+00:00, run_after=2025-11-30 00:00:00+00:00
[2025-11-29T03:41:27.019+0000] {processor.py:183} INFO - Processing /opt/airflow/dags/crawl_products_dag.py took 0.193 seconds
[2025-11-29T03:41:57.676+0000] {processor.py:161} INFO - Started process (PID=373) to work on /opt/airflow/dags/crawl_products_dag.py
[2025-11-29T03:41:57.678+0000] {processor.py:830} INFO - Processing file /opt/airflow/dags/crawl_products_dag.py for tasks to queue
[2025-11-29T03:41:57.679+0000] {logging_mixin.py:188} INFO - [2025-11-29T03:41:57.679+0000] {dagbag.py:538} INFO - Filling up the DagBag from /opt/airflow/dags/crawl_products_dag.py
[2025-11-29T03:41:57.794+0000] {processor.py:840} INFO - DAG(s) 'crawl_products_dag' retrieved from /opt/airflow/dags/crawl_products_dag.py
[2025-11-29T03:41:57.817+0000] {logging_mixin.py:188} INFO - [2025-11-29T03:41:57.816+0000] {dag.py:3036} INFO - Sync 1 DAGs
[2025-11-29T03:41:57.833+0000] {logging_mixin.py:188} INFO - [2025-11-29T03:41:57.833+0000] {dag.py:3823} INFO - Setting next_dagrun for crawl_products_dag to 2025-11-29 00:00:00+00:00, run_after=2025-11-30 00:00:00+00:00
[2025-11-29T03:41:57.851+0000] {processor.py:183} INFO - Processing /opt/airflow/dags/crawl_products_dag.py took 0.178 seconds
[2025-11-29T03:42:28.275+0000] {processor.py:161} INFO - Started process (PID=378) to work on /opt/airflow/dags/crawl_products_dag.py
[2025-11-29T03:42:28.278+0000] {processor.py:830} INFO - Processing file /opt/airflow/dags/crawl_products_dag.py for tasks to queue
[2025-11-29T03:42:28.278+0000] {logging_mixin.py:188} INFO - [2025-11-29T03:42:28.278+0000] {dagbag.py:538} INFO - Filling up the DagBag from /opt/airflow/dags/crawl_products_dag.py
[2025-11-29T03:42:28.389+0000] {processor.py:840} INFO - DAG(s) 'crawl_products_dag' retrieved from /opt/airflow/dags/crawl_products_dag.py
[2025-11-29T03:42:28.413+0000] {logging_mixin.py:188} INFO - [2025-11-29T03:42:28.413+0000] {dag.py:3036} INFO - Sync 1 DAGs
[2025-11-29T03:42:28.430+0000] {logging_mixin.py:188} INFO - [2025-11-29T03:42:28.430+0000] {dag.py:3823} INFO - Setting next_dagrun for crawl_products_dag to 2025-11-29 00:00:00+00:00, run_after=2025-11-30 00:00:00+00:00
[2025-11-29T03:42:28.447+0000] {processor.py:183} INFO - Processing /opt/airflow/dags/crawl_products_dag.py took 0.175 seconds
[2025-11-29T03:42:59.074+0000] {processor.py:161} INFO - Started process (PID=383) to work on /opt/airflow/dags/crawl_products_dag.py
[2025-11-29T03:42:59.075+0000] {processor.py:830} INFO - Processing file /opt/airflow/dags/crawl_products_dag.py for tasks to queue
[2025-11-29T03:42:59.076+0000] {logging_mixin.py:188} INFO - [2025-11-29T03:42:59.076+0000] {dagbag.py:538} INFO - Filling up the DagBag from /opt/airflow/dags/crawl_products_dag.py
[2025-11-29T03:42:59.198+0000] {processor.py:840} INFO - DAG(s) 'crawl_products_dag' retrieved from /opt/airflow/dags/crawl_products_dag.py
[2025-11-29T03:42:59.221+0000] {logging_mixin.py:188} INFO - [2025-11-29T03:42:59.221+0000] {dag.py:3036} INFO - Sync 1 DAGs
[2025-11-29T03:42:59.240+0000] {logging_mixin.py:188} INFO - [2025-11-29T03:42:59.239+0000] {dag.py:3823} INFO - Setting next_dagrun for crawl_products_dag to 2025-11-29 00:00:00+00:00, run_after=2025-11-30 00:00:00+00:00
[2025-11-29T03:42:59.257+0000] {processor.py:183} INFO - Processing /opt/airflow/dags/crawl_products_dag.py took 0.186 seconds
[2025-11-29T03:43:29.747+0000] {processor.py:161} INFO - Started process (PID=388) to work on /opt/airflow/dags/crawl_products_dag.py
[2025-11-29T03:43:29.748+0000] {processor.py:830} INFO - Processing file /opt/airflow/dags/crawl_products_dag.py for tasks to queue
[2025-11-29T03:43:29.749+0000] {logging_mixin.py:188} INFO - [2025-11-29T03:43:29.749+0000] {dagbag.py:538} INFO - Filling up the DagBag from /opt/airflow/dags/crawl_products_dag.py
[2025-11-29T03:43:29.887+0000] {processor.py:840} INFO - DAG(s) 'crawl_products_dag' retrieved from /opt/airflow/dags/crawl_products_dag.py
[2025-11-29T03:43:29.916+0000] {logging_mixin.py:188} INFO - [2025-11-29T03:43:29.915+0000] {dag.py:3036} INFO - Sync 1 DAGs
[2025-11-29T03:43:29.939+0000] {logging_mixin.py:188} INFO - [2025-11-29T03:43:29.939+0000] {dag.py:3823} INFO - Setting next_dagrun for crawl_products_dag to 2025-11-29 00:00:00+00:00, run_after=2025-11-30 00:00:00+00:00
[2025-11-29T03:43:29.958+0000] {processor.py:183} INFO - Processing /opt/airflow/dags/crawl_products_dag.py took 0.216 seconds
[2025-11-29T03:44:00.520+0000] {processor.py:161} INFO - Started process (PID=393) to work on /opt/airflow/dags/crawl_products_dag.py
[2025-11-29T03:44:00.521+0000] {processor.py:830} INFO - Processing file /opt/airflow/dags/crawl_products_dag.py for tasks to queue
[2025-11-29T03:44:00.522+0000] {logging_mixin.py:188} INFO - [2025-11-29T03:44:00.522+0000] {dagbag.py:538} INFO - Filling up the DagBag from /opt/airflow/dags/crawl_products_dag.py
[2025-11-29T03:44:00.634+0000] {processor.py:840} INFO - DAG(s) 'crawl_products_dag' retrieved from /opt/airflow/dags/crawl_products_dag.py
[2025-11-29T03:44:00.656+0000] {logging_mixin.py:188} INFO - [2025-11-29T03:44:00.655+0000] {dag.py:3036} INFO - Sync 1 DAGs
[2025-11-29T03:44:00.674+0000] {logging_mixin.py:188} INFO - [2025-11-29T03:44:00.673+0000] {dag.py:3823} INFO - Setting next_dagrun for crawl_products_dag to 2025-11-29 00:00:00+00:00, run_after=2025-11-30 00:00:00+00:00
[2025-11-29T03:44:00.689+0000] {processor.py:183} INFO - Processing /opt/airflow/dags/crawl_products_dag.py took 0.172 seconds
[2025-11-29T03:44:31.624+0000] {processor.py:161} INFO - Started process (PID=398) to work on /opt/airflow/dags/crawl_products_dag.py
[2025-11-29T03:44:31.625+0000] {processor.py:830} INFO - Processing file /opt/airflow/dags/crawl_products_dag.py for tasks to queue
[2025-11-29T03:44:31.626+0000] {logging_mixin.py:188} INFO - [2025-11-29T03:44:31.626+0000] {dagbag.py:538} INFO - Filling up the DagBag from /opt/airflow/dags/crawl_products_dag.py
[2025-11-29T03:44:31.736+0000] {processor.py:840} INFO - DAG(s) 'crawl_products_dag' retrieved from /opt/airflow/dags/crawl_products_dag.py
[2025-11-29T03:44:31.758+0000] {logging_mixin.py:188} INFO - [2025-11-29T03:44:31.757+0000] {dag.py:3036} INFO - Sync 1 DAGs
[2025-11-29T03:44:31.773+0000] {logging_mixin.py:188} INFO - [2025-11-29T03:44:31.773+0000] {dag.py:3823} INFO - Setting next_dagrun for crawl_products_dag to 2025-11-29 00:00:00+00:00, run_after=2025-11-30 00:00:00+00:00
[2025-11-29T03:44:31.789+0000] {processor.py:183} INFO - Processing /opt/airflow/dags/crawl_products_dag.py took 0.167 seconds
[2025-11-29T03:45:02.380+0000] {processor.py:161} INFO - Started process (PID=403) to work on /opt/airflow/dags/crawl_products_dag.py
[2025-11-29T03:45:02.382+0000] {processor.py:830} INFO - Processing file /opt/airflow/dags/crawl_products_dag.py for tasks to queue
[2025-11-29T03:45:02.383+0000] {logging_mixin.py:188} INFO - [2025-11-29T03:45:02.383+0000] {dagbag.py:538} INFO - Filling up the DagBag from /opt/airflow/dags/crawl_products_dag.py
[2025-11-29T03:45:02.492+0000] {processor.py:840} INFO - DAG(s) 'crawl_products_dag' retrieved from /opt/airflow/dags/crawl_products_dag.py
[2025-11-29T03:45:02.515+0000] {logging_mixin.py:188} INFO - [2025-11-29T03:45:02.514+0000] {dag.py:3036} INFO - Sync 1 DAGs
[2025-11-29T03:45:02.531+0000] {logging_mixin.py:188} INFO - [2025-11-29T03:45:02.531+0000] {dag.py:3823} INFO - Setting next_dagrun for crawl_products_dag to 2025-11-29 00:00:00+00:00, run_after=2025-11-30 00:00:00+00:00
[2025-11-29T03:45:02.547+0000] {processor.py:183} INFO - Processing /opt/airflow/dags/crawl_products_dag.py took 0.170 seconds
[2025-11-29T03:45:33.088+0000] {processor.py:161} INFO - Started process (PID=408) to work on /opt/airflow/dags/crawl_products_dag.py
[2025-11-29T03:45:33.091+0000] {processor.py:830} INFO - Processing file /opt/airflow/dags/crawl_products_dag.py for tasks to queue
[2025-11-29T03:45:33.091+0000] {logging_mixin.py:188} INFO - [2025-11-29T03:45:33.091+0000] {dagbag.py:538} INFO - Filling up the DagBag from /opt/airflow/dags/crawl_products_dag.py
[2025-11-29T03:45:33.213+0000] {processor.py:840} INFO - DAG(s) 'crawl_products_dag' retrieved from /opt/airflow/dags/crawl_products_dag.py
[2025-11-29T03:45:33.235+0000] {logging_mixin.py:188} INFO - [2025-11-29T03:45:33.234+0000] {dag.py:3036} INFO - Sync 1 DAGs
[2025-11-29T03:45:33.252+0000] {logging_mixin.py:188} INFO - [2025-11-29T03:45:33.252+0000] {dag.py:3823} INFO - Setting next_dagrun for crawl_products_dag to 2025-11-29 00:00:00+00:00, run_after=2025-11-30 00:00:00+00:00
[2025-11-29T03:45:33.267+0000] {processor.py:183} INFO - Processing /opt/airflow/dags/crawl_products_dag.py took 0.182 seconds
[2025-11-29T03:46:04.001+0000] {processor.py:161} INFO - Started process (PID=413) to work on /opt/airflow/dags/crawl_products_dag.py
[2025-11-29T03:46:04.003+0000] {processor.py:830} INFO - Processing file /opt/airflow/dags/crawl_products_dag.py for tasks to queue
[2025-11-29T03:46:04.004+0000] {logging_mixin.py:188} INFO - [2025-11-29T03:46:04.004+0000] {dagbag.py:538} INFO - Filling up the DagBag from /opt/airflow/dags/crawl_products_dag.py
[2025-11-29T03:46:04.145+0000] {processor.py:840} INFO - DAG(s) 'crawl_products_dag' retrieved from /opt/airflow/dags/crawl_products_dag.py
[2025-11-29T03:46:04.173+0000] {logging_mixin.py:188} INFO - [2025-11-29T03:46:04.173+0000] {dag.py:3036} INFO - Sync 1 DAGs
[2025-11-29T03:46:04.194+0000] {logging_mixin.py:188} INFO - [2025-11-29T03:46:04.194+0000] {dag.py:3823} INFO - Setting next_dagrun for crawl_products_dag to 2025-11-29 00:00:00+00:00, run_after=2025-11-30 00:00:00+00:00
[2025-11-29T03:46:04.214+0000] {processor.py:183} INFO - Processing /opt/airflow/dags/crawl_products_dag.py took 0.216 seconds
[2025-11-29T03:46:34.728+0000] {processor.py:161} INFO - Started process (PID=418) to work on /opt/airflow/dags/crawl_products_dag.py
[2025-11-29T03:46:34.729+0000] {processor.py:830} INFO - Processing file /opt/airflow/dags/crawl_products_dag.py for tasks to queue
[2025-11-29T03:46:34.730+0000] {logging_mixin.py:188} INFO - [2025-11-29T03:46:34.730+0000] {dagbag.py:538} INFO - Filling up the DagBag from /opt/airflow/dags/crawl_products_dag.py
[2025-11-29T03:46:34.853+0000] {processor.py:840} INFO - DAG(s) 'crawl_products_dag' retrieved from /opt/airflow/dags/crawl_products_dag.py
[2025-11-29T03:46:34.878+0000] {logging_mixin.py:188} INFO - [2025-11-29T03:46:34.877+0000] {dag.py:3036} INFO - Sync 1 DAGs
[2025-11-29T03:46:34.895+0000] {logging_mixin.py:188} INFO - [2025-11-29T03:46:34.895+0000] {dag.py:3823} INFO - Setting next_dagrun for crawl_products_dag to 2025-11-29 00:00:00+00:00, run_after=2025-11-30 00:00:00+00:00
[2025-11-29T03:46:34.913+0000] {processor.py:183} INFO - Processing /opt/airflow/dags/crawl_products_dag.py took 0.188 seconds
[2025-11-29T03:47:05.504+0000] {processor.py:161} INFO - Started process (PID=423) to work on /opt/airflow/dags/crawl_products_dag.py
[2025-11-29T03:47:05.507+0000] {processor.py:830} INFO - Processing file /opt/airflow/dags/crawl_products_dag.py for tasks to queue
[2025-11-29T03:47:05.509+0000] {logging_mixin.py:188} INFO - [2025-11-29T03:47:05.508+0000] {dagbag.py:538} INFO - Filling up the DagBag from /opt/airflow/dags/crawl_products_dag.py
[2025-11-29T03:47:05.638+0000] {processor.py:840} INFO - DAG(s) 'crawl_products_dag' retrieved from /opt/airflow/dags/crawl_products_dag.py
[2025-11-29T03:47:05.663+0000] {logging_mixin.py:188} INFO - [2025-11-29T03:47:05.662+0000] {dag.py:3036} INFO - Sync 1 DAGs
[2025-11-29T03:47:05.682+0000] {logging_mixin.py:188} INFO - [2025-11-29T03:47:05.682+0000] {dag.py:3823} INFO - Setting next_dagrun for crawl_products_dag to 2025-11-29 00:00:00+00:00, run_after=2025-11-30 00:00:00+00:00
[2025-11-29T03:47:05.699+0000] {processor.py:183} INFO - Processing /opt/airflow/dags/crawl_products_dag.py took 0.199 seconds
[2025-11-29T03:47:36.066+0000] {processor.py:161} INFO - Started process (PID=428) to work on /opt/airflow/dags/crawl_products_dag.py
[2025-11-29T03:47:36.068+0000] {processor.py:830} INFO - Processing file /opt/airflow/dags/crawl_products_dag.py for tasks to queue
[2025-11-29T03:47:36.069+0000] {logging_mixin.py:188} INFO - [2025-11-29T03:47:36.069+0000] {dagbag.py:538} INFO - Filling up the DagBag from /opt/airflow/dags/crawl_products_dag.py
[2025-11-29T03:47:36.180+0000] {processor.py:840} INFO - DAG(s) 'crawl_products_dag' retrieved from /opt/airflow/dags/crawl_products_dag.py
[2025-11-29T03:47:36.205+0000] {logging_mixin.py:188} INFO - [2025-11-29T03:47:36.204+0000] {dag.py:3036} INFO - Sync 1 DAGs
[2025-11-29T03:47:36.222+0000] {logging_mixin.py:188} INFO - [2025-11-29T03:47:36.222+0000] {dag.py:3823} INFO - Setting next_dagrun for crawl_products_dag to 2025-11-29 00:00:00+00:00, run_after=2025-11-30 00:00:00+00:00
[2025-11-29T03:47:36.238+0000] {processor.py:183} INFO - Processing /opt/airflow/dags/crawl_products_dag.py took 0.175 seconds
[2025-11-29T03:48:06.861+0000] {processor.py:161} INFO - Started process (PID=433) to work on /opt/airflow/dags/crawl_products_dag.py
[2025-11-29T03:48:06.864+0000] {processor.py:830} INFO - Processing file /opt/airflow/dags/crawl_products_dag.py for tasks to queue
[2025-11-29T03:48:06.864+0000] {logging_mixin.py:188} INFO - [2025-11-29T03:48:06.864+0000] {dagbag.py:538} INFO - Filling up the DagBag from /opt/airflow/dags/crawl_products_dag.py
[2025-11-29T03:48:06.983+0000] {processor.py:840} INFO - DAG(s) 'crawl_products_dag' retrieved from /opt/airflow/dags/crawl_products_dag.py
[2025-11-29T03:48:07.006+0000] {logging_mixin.py:188} INFO - [2025-11-29T03:48:07.005+0000] {dag.py:3036} INFO - Sync 1 DAGs
[2025-11-29T03:48:07.024+0000] {logging_mixin.py:188} INFO - [2025-11-29T03:48:07.023+0000] {dag.py:3823} INFO - Setting next_dagrun for crawl_products_dag to 2025-11-29 00:00:00+00:00, run_after=2025-11-30 00:00:00+00:00
[2025-11-29T03:48:07.038+0000] {processor.py:183} INFO - Processing /opt/airflow/dags/crawl_products_dag.py took 0.179 seconds
[2025-11-29T03:48:37.631+0000] {processor.py:161} INFO - Started process (PID=438) to work on /opt/airflow/dags/crawl_products_dag.py
[2025-11-29T03:48:37.631+0000] {processor.py:830} INFO - Processing file /opt/airflow/dags/crawl_products_dag.py for tasks to queue
[2025-11-29T03:48:37.632+0000] {logging_mixin.py:188} INFO - [2025-11-29T03:48:37.632+0000] {dagbag.py:538} INFO - Filling up the DagBag from /opt/airflow/dags/crawl_products_dag.py
[2025-11-29T03:48:37.786+0000] {processor.py:840} INFO - DAG(s) 'crawl_products_dag' retrieved from /opt/airflow/dags/crawl_products_dag.py
[2025-11-29T03:48:37.812+0000] {logging_mixin.py:188} INFO - [2025-11-29T03:48:37.812+0000] {dag.py:3036} INFO - Sync 1 DAGs
[2025-11-29T03:48:37.833+0000] {logging_mixin.py:188} INFO - [2025-11-29T03:48:37.833+0000] {dag.py:3823} INFO - Setting next_dagrun for crawl_products_dag to 2025-11-29 00:00:00+00:00, run_after=2025-11-30 00:00:00+00:00
[2025-11-29T03:48:37.856+0000] {processor.py:183} INFO - Processing /opt/airflow/dags/crawl_products_dag.py took 0.230 seconds
[2025-11-29T03:49:08.227+0000] {processor.py:161} INFO - Started process (PID=443) to work on /opt/airflow/dags/crawl_products_dag.py
[2025-11-29T03:49:08.228+0000] {processor.py:830} INFO - Processing file /opt/airflow/dags/crawl_products_dag.py for tasks to queue
[2025-11-29T03:49:08.229+0000] {logging_mixin.py:188} INFO - [2025-11-29T03:49:08.229+0000] {dagbag.py:538} INFO - Filling up the DagBag from /opt/airflow/dags/crawl_products_dag.py
[2025-11-29T03:49:08.350+0000] {processor.py:840} INFO - DAG(s) 'crawl_products_dag' retrieved from /opt/airflow/dags/crawl_products_dag.py
[2025-11-29T03:49:08.377+0000] {logging_mixin.py:188} INFO - [2025-11-29T03:49:08.377+0000] {dag.py:3036} INFO - Sync 1 DAGs
[2025-11-29T03:49:08.397+0000] {logging_mixin.py:188} INFO - [2025-11-29T03:49:08.397+0000] {dag.py:3823} INFO - Setting next_dagrun for crawl_products_dag to 2025-11-29 00:00:00+00:00, run_after=2025-11-30 00:00:00+00:00
[2025-11-29T03:49:08.416+0000] {processor.py:183} INFO - Processing /opt/airflow/dags/crawl_products_dag.py took 0.192 seconds
[2025-11-29T03:49:38.907+0000] {processor.py:161} INFO - Started process (PID=448) to work on /opt/airflow/dags/crawl_products_dag.py
[2025-11-29T03:49:38.908+0000] {processor.py:830} INFO - Processing file /opt/airflow/dags/crawl_products_dag.py for tasks to queue
[2025-11-29T03:49:38.908+0000] {logging_mixin.py:188} INFO - [2025-11-29T03:49:38.908+0000] {dagbag.py:538} INFO - Filling up the DagBag from /opt/airflow/dags/crawl_products_dag.py
[2025-11-29T03:49:39.033+0000] {processor.py:840} INFO - DAG(s) 'crawl_products_dag' retrieved from /opt/airflow/dags/crawl_products_dag.py
[2025-11-29T03:49:39.056+0000] {logging_mixin.py:188} INFO - [2025-11-29T03:49:39.055+0000] {dag.py:3036} INFO - Sync 1 DAGs
[2025-11-29T03:49:39.076+0000] {logging_mixin.py:188} INFO - [2025-11-29T03:49:39.075+0000] {dag.py:3823} INFO - Setting next_dagrun for crawl_products_dag to 2025-11-29 00:00:00+00:00, run_after=2025-11-30 00:00:00+00:00
[2025-11-29T03:49:39.094+0000] {processor.py:183} INFO - Processing /opt/airflow/dags/crawl_products_dag.py took 0.190 seconds
[2025-11-29T03:50:09.723+0000] {processor.py:161} INFO - Started process (PID=453) to work on /opt/airflow/dags/crawl_products_dag.py
[2025-11-29T03:50:09.726+0000] {processor.py:830} INFO - Processing file /opt/airflow/dags/crawl_products_dag.py for tasks to queue
[2025-11-29T03:50:09.727+0000] {logging_mixin.py:188} INFO - [2025-11-29T03:50:09.726+0000] {dagbag.py:538} INFO - Filling up the DagBag from /opt/airflow/dags/crawl_products_dag.py
[2025-11-29T03:50:09.846+0000] {processor.py:840} INFO - DAG(s) 'crawl_products_dag' retrieved from /opt/airflow/dags/crawl_products_dag.py
[2025-11-29T03:50:09.868+0000] {logging_mixin.py:188} INFO - [2025-11-29T03:50:09.868+0000] {dag.py:3036} INFO - Sync 1 DAGs
[2025-11-29T03:50:09.206+0000] {logging_mixin.py:188} INFO - [2025-11-29T03:50:09.206+0000] {dag.py:3823} INFO - Setting next_dagrun for crawl_products_dag to 2025-11-29 00:00:00+00:00, run_after=2025-11-30 00:00:00+00:00
[2025-11-29T03:50:09.224+0000] {processor.py:183} INFO - Processing /opt/airflow/dags/crawl_products_dag.py took 0.187 seconds
[2025-11-29T03:50:39.559+0000] {processor.py:161} INFO - Started process (PID=458) to work on /opt/airflow/dags/crawl_products_dag.py
[2025-11-29T03:50:39.560+0000] {processor.py:830} INFO - Processing file /opt/airflow/dags/crawl_products_dag.py for tasks to queue
[2025-11-29T03:50:39.561+0000] {logging_mixin.py:188} INFO - [2025-11-29T03:50:39.561+0000] {dagbag.py:538} INFO - Filling up the DagBag from /opt/airflow/dags/crawl_products_dag.py
[2025-11-29T03:50:39.691+0000] {processor.py:840} INFO - DAG(s) 'crawl_products_dag' retrieved from /opt/airflow/dags/crawl_products_dag.py
[2025-11-29T03:50:39.717+0000] {logging_mixin.py:188} INFO - [2025-11-29T03:50:39.716+0000] {dag.py:3036} INFO - Sync 1 DAGs
[2025-11-29T03:50:39.739+0000] {logging_mixin.py:188} INFO - [2025-11-29T03:50:39.738+0000] {dag.py:3823} INFO - Setting next_dagrun for crawl_products_dag to 2025-11-29 00:00:00+00:00, run_after=2025-11-30 00:00:00+00:00
[2025-11-29T03:50:39.756+0000] {processor.py:183} INFO - Processing /opt/airflow/dags/crawl_products_dag.py took 0.200 seconds
[2025-11-29T03:51:10.021+0000] {processor.py:161} INFO - Started process (PID=463) to work on /opt/airflow/dags/crawl_products_dag.py
[2025-11-29T03:51:10.023+0000] {processor.py:830} INFO - Processing file /opt/airflow/dags/crawl_products_dag.py for tasks to queue
[2025-11-29T03:51:10.023+0000] {logging_mixin.py:188} INFO - [2025-11-29T03:51:10.023+0000] {dagbag.py:538} INFO - Filling up the DagBag from /opt/airflow/dags/crawl_products_dag.py
[2025-11-29T03:51:10.152+0000] {processor.py:840} INFO - DAG(s) 'crawl_products_dag' retrieved from /opt/airflow/dags/crawl_products_dag.py
[2025-11-29T03:51:10.180+0000] {logging_mixin.py:188} INFO - [2025-11-29T03:51:10.179+0000] {dag.py:3036} INFO - Sync 1 DAGs
[2025-11-29T03:51:10.200+0000] {logging_mixin.py:188} INFO - [2025-11-29T03:51:10.200+0000] {dag.py:3823} INFO - Setting next_dagrun for crawl_products_dag to 2025-11-29 00:00:00+00:00, run_after=2025-11-30 00:00:00+00:00
[2025-11-29T03:51:10.220+0000] {processor.py:183} INFO - Processing /opt/airflow/dags/crawl_products_dag.py took 0.202 seconds
[2025-11-29T03:51:40.705+0000] {processor.py:161} INFO - Started process (PID=468) to work on /opt/airflow/dags/crawl_products_dag.py
[2025-11-29T03:51:40.707+0000] {processor.py:830} INFO - Processing file /opt/airflow/dags/crawl_products_dag.py for tasks to queue
[2025-11-29T03:51:40.708+0000] {logging_mixin.py:188} INFO - [2025-11-29T03:51:40.708+0000] {dagbag.py:538} INFO - Filling up the DagBag from /opt/airflow/dags/crawl_products_dag.py
[2025-11-29T03:51:40.828+0000] {processor.py:840} INFO - DAG(s) 'crawl_products_dag' retrieved from /opt/airflow/dags/crawl_products_dag.py
[2025-11-29T03:51:40.851+0000] {logging_mixin.py:188} INFO - [2025-11-29T03:51:40.850+0000] {dag.py:3036} INFO - Sync 1 DAGs
[2025-11-29T03:51:40.871+0000] {logging_mixin.py:188} INFO - [2025-11-29T03:51:40.870+0000] {dag.py:3823} INFO - Setting next_dagrun for crawl_products_dag to 2025-11-29 00:00:00+00:00, run_after=2025-11-30 00:00:00+00:00
[2025-11-29T03:51:40.887+0000] {processor.py:183} INFO - Processing /opt/airflow/dags/crawl_products_dag.py took 0.185 seconds
[2025-11-29T03:52:11.100+0000] {processor.py:161} INFO - Started process (PID=473) to work on /opt/airflow/dags/crawl_products_dag.py
[2025-11-29T03:52:11.101+0000] {processor.py:830} INFO - Processing file /opt/airflow/dags/crawl_products_dag.py for tasks to queue
[2025-11-29T03:52:11.102+0000] {logging_mixin.py:188} INFO - [2025-11-29T03:52:11.101+0000] {dagbag.py:538} INFO - Filling up the DagBag from /opt/airflow/dags/crawl_products_dag.py
[2025-11-29T03:52:11.220+0000] {processor.py:840} INFO - DAG(s) 'crawl_products_dag' retrieved from /opt/airflow/dags/crawl_products_dag.py
[2025-11-29T03:52:11.242+0000] {logging_mixin.py:188} INFO - [2025-11-29T03:52:11.242+0000] {dag.py:3036} INFO - Sync 1 DAGs
[2025-11-29T03:52:11.263+0000] {logging_mixin.py:188} INFO - [2025-11-29T03:52:11.263+0000] {dag.py:3823} INFO - Setting next_dagrun for crawl_products_dag to 2025-11-29 00:00:00+00:00, run_after=2025-11-30 00:00:00+00:00
[2025-11-29T03:52:11.282+0000] {processor.py:183} INFO - Processing /opt/airflow/dags/crawl_products_dag.py took 0.185 seconds
