[2025-11-25T02:33:57.909+0000] {taskinstance.py:1956} INFO - Dependencies all met for dep_context=non-requeueable deps ti=<TaskInstance: crawl_products_dag.upload_to_gcs scheduled__2025-11-23T17:00:00+00:00 [queued]>
[2025-11-25T02:33:57.917+0000] {taskinstance.py:1956} INFO - Dependencies all met for dep_context=requeueable deps ti=<TaskInstance: crawl_products_dag.upload_to_gcs scheduled__2025-11-23T17:00:00+00:00 [queued]>
[2025-11-25T02:33:57.917+0000] {taskinstance.py:2170} INFO - Starting attempt 1 of 2
[2025-11-25T02:33:57.928+0000] {taskinstance.py:2191} INFO - Executing <Task(PythonOperator): upload_to_gcs> on 2025-11-23 17:00:00+00:00
[2025-11-25T02:33:57.932+0000] {standard_task_runner.py:60} INFO - Started process 221 to run task
[2025-11-25T02:33:57.935+0000] {standard_task_runner.py:87} INFO - Running: ['airflow', 'tasks', 'run', 'crawl_products_dag', 'upload_to_gcs', 'scheduled__2025-11-23T17:00:00+00:00', '--job-id', '3', '--raw', '--subdir', 'DAGS_FOLDER/crawl_products_dag.py', '--cfg-path', '/tmp/tmpm2ft1bnu']
[2025-11-25T02:33:57.937+0000] {standard_task_runner.py:88} INFO - Job 3: Subtask upload_to_gcs
[2025-11-25T02:33:57.980+0000] {task_command.py:423} INFO - Running <TaskInstance: crawl_products_dag.upload_to_gcs scheduled__2025-11-23T17:00:00+00:00 [running]> on host 01da417c09b1
[2025-11-25T02:33:58.043+0000] {taskinstance.py:2480} INFO - Exporting env vars: AIRFLOW_CTX_DAG_OWNER='airflow' AIRFLOW_CTX_DAG_ID='crawl_products_dag' AIRFLOW_CTX_TASK_ID='upload_to_gcs' AIRFLOW_CTX_EXECUTION_DATE='2025-11-23T17:00:00+00:00' AIRFLOW_CTX_TRY_NUMBER='1' AIRFLOW_CTX_DAG_RUN_ID='scheduled__2025-11-23T17:00:00+00:00'
[2025-11-25T02:33:58.054+0000] {logging_mixin.py:188} INFO - Nhận được file cần upload: /tmp/tiki_raw_2025-11-25T023356Z.json
[2025-11-25T02:33:58.064+0000] {_metadata.py:139} WARNING - Compute Engine Metadata server unavailable on attempt 1 of 3. Reason: [Errno 111] Connection refused
[2025-11-25T02:33:58.066+0000] {_metadata.py:139} WARNING - Compute Engine Metadata server unavailable on attempt 2 of 3. Reason: [Errno 111] Connection refused
[2025-11-25T02:33:58.068+0000] {_metadata.py:139} WARNING - Compute Engine Metadata server unavailable on attempt 3 of 3. Reason: [Errno 111] Connection refused
[2025-11-25T02:33:58.069+0000] {_default.py:338} WARNING - Authentication failed using Compute Engine authentication due to unavailable metadata server.
[2025-11-25T02:33:58.069+0000] {taskinstance.py:2698} ERROR - Task failed with exception
Traceback (most recent call last):
  File "/home/airflow/.local/lib/python3.11/site-packages/airflow/models/taskinstance.py", line 433, in _execute_task
    result = execute_callable(context=context, **execute_callable_kwargs)
             ^^^^^^^^^^^^^^^^^^^^^^^^^^^^^^^^^^^^^^^^^^^^^^^^^^^^^^^^^^^^
  File "/home/airflow/.local/lib/python3.11/site-packages/airflow/operators/python.py", line 199, in execute
    return_value = self.execute_callable()
                   ^^^^^^^^^^^^^^^^^^^^^^^
  File "/home/airflow/.local/lib/python3.11/site-packages/airflow/operators/python.py", line 216, in execute_callable
    return self.python_callable(*self.op_args, **self.op_kwargs)
           ^^^^^^^^^^^^^^^^^^^^^^^^^^^^^^^^^^^^^^^^^^^^^^^^^^^^^
  File "/opt/airflow/dags/crawl_products_dag.py", line 79, in upload_to_gcs
    client = storage.Client()
             ^^^^^^^^^^^^^^^^
  File "/home/airflow/.local/lib/python3.11/site-packages/google/cloud/storage/client.py", line 172, in __init__
    super(Client, self).__init__(
  File "/home/airflow/.local/lib/python3.11/site-packages/google/cloud/client/__init__.py", line 320, in __init__
    _ClientProjectMixin.__init__(self, project=project, credentials=credentials)
  File "/home/airflow/.local/lib/python3.11/site-packages/google/cloud/client/__init__.py", line 268, in __init__
    project = self._determine_default(project)
              ^^^^^^^^^^^^^^^^^^^^^^^^^^^^^^^^
  File "/home/airflow/.local/lib/python3.11/site-packages/google/cloud/client/__init__.py", line 287, in _determine_default
    return _determine_default_project(project)
           ^^^^^^^^^^^^^^^^^^^^^^^^^^^^^^^^^^^
  File "/home/airflow/.local/lib/python3.11/site-packages/google/cloud/_helpers/__init__.py", line 152, in _determine_default_project
    _, project = google.auth.default()
                 ^^^^^^^^^^^^^^^^^^^^^
  File "/home/airflow/.local/lib/python3.11/site-packages/google/auth/_default.py", line 691, in default
    raise exceptions.DefaultCredentialsError(_CLOUD_SDK_MISSING_CREDENTIALS)
google.auth.exceptions.DefaultCredentialsError: Your default credentials were not found. To set up Application Default Credentials, see https://cloud.google.com/docs/authentication/external/set-up-adc for more information.
[2025-11-25T02:33:58.078+0000] {taskinstance.py:1138} INFO - Marking task as UP_FOR_RETRY. dag_id=crawl_products_dag, task_id=upload_to_gcs, execution_date=20251123T170000, start_date=20251125T023357, end_date=20251125T023358
[2025-11-25T02:33:58.086+0000] {standard_task_runner.py:107} ERROR - Failed to execute job 3 for task upload_to_gcs (Your default credentials were not found. To set up Application Default Credentials, see https://cloud.google.com/docs/authentication/external/set-up-adc for more information.; 221)
[2025-11-25T02:33:58.107+0000] {local_task_job_runner.py:234} INFO - Task exited with return code 1
[2025-11-25T02:33:58.122+0000] {taskinstance.py:3280} INFO - 0 downstream tasks scheduled from follow-on schedule check
